<?xml version="1.0" encoding="UTF-8"?>
<!-- Generated by org.testng.reporters.JUnitReportReporter -->
<testsuite hostname="Loki" failures="0" tests="2" name="com.learnautomation.testcases.LoginTest" time="22.767" errors="0" timestamp="2021-12-28T16:15:53 IST" skipped="0">
  <testcase classname="com.learnautomation.testcases.LoginTest" name="loginWithAdmin" time="12.711"/>
  <testcase classname="com.learnautomation.testcases.LoginTest" name="logout" time="10.056"/>
</testsuite> <!-- com.learnautomation.testcases.LoginTest -->
