<?xml version="1.0" encoding="UTF-8"?>
<!-- Generated by org.testng.reporters.JUnitReportReporter -->
<testsuite hostname="Loki" failures="0" tests="2" name="com.learnautomation.testcases.LoginTest" time="9.383" errors="0" timestamp="2021-12-28T11:21:47 IST" skipped="0">
  <testcase classname="com.learnautomation.testcases.LoginTest" name="loginWithAdmin" time="7.241"/>
  <testcase classname="com.learnautomation.testcases.LoginTest" name="logout" time="2.142"/>
</testsuite> <!-- com.learnautomation.testcases.LoginTest -->
