<?xml version="1.0" encoding="UTF-8"?>
<!-- Generated by org.testng.reporters.JUnitReportReporter -->
<testsuite hostname="Loki" failures="0" tests="2" name="com.learnautomation.testcases.LoginTest" time="10.179" errors="0" timestamp="2021-12-28T17:31:21 IST" skipped="0">
  <testcase classname="com.learnautomation.testcases.LoginTest" name="loginWithAdmin" time="9.829"/>
  <testcase classname="com.learnautomation.testcases.LoginTest" name="logout" time="0.350"/>
</testsuite> <!-- com.learnautomation.testcases.LoginTest -->
