<?xml version="1.0" encoding="UTF-8"?>
<!-- Generated by org.testng.reporters.JUnitReportReporter -->
<testsuite hostname="Loki" failures="0" tests="1" name="com.learnautomation.testcases.BrowserStackTest" time="22.231" errors="0" timestamp="2021-12-29T16:56:43 IST" skipped="0">
  <testcase classname="com.learnautomation.testcases.BrowserStackTest" name="test1" time="22.231"/>
</testsuite> <!-- com.learnautomation.testcases.BrowserStackTest -->
