<?xml version="1.0" encoding="UTF-8"?>
<!-- Generated by org.testng.reporters.JUnitReportReporter -->
<testsuite hostname="Loki" failures="0" tests="2" name="com.learnautomation.testcases.LoginTest" time="10.297" errors="0" timestamp="2021-12-29T12:13:51 IST" skipped="0">
  <testcase classname="com.learnautomation.testcases.LoginTest" name="loginWithAdmin" time="8.022"/>
  <testcase classname="com.learnautomation.testcases.LoginTest" name="logout" time="2.275"/>
</testsuite> <!-- com.learnautomation.testcases.LoginTest -->
